{"contracts/FWBMemberProfile.sol":{"l":{"102":2,"104":2,"118":0,"133":0,"139":0,"143":0},"path":"/Users/bretthenderson/Developer/FWB/NFT/PRODUCTION/fwb-memberprofile/contracts/FWBMemberProfile.sol","s":{"1":2,"2":2,"3":0,"4":0,"5":0,"6":0},"b":{},"f":{"1":14,"2":2,"3":0,"4":0,"5":0,"6":0},"fnMap":{"1":{"name":"constructor","line":88,"loc":{"start":{"line":88,"column":4},"end":{"line":88,"column":61}}},"2":{"name":"mint","line":100,"loc":{"start":{"line":100,"column":4},"end":{"line":105,"column":4}}},"3":{"name":"setBaseURI","line":117,"loc":{"start":{"line":117,"column":4},"end":{"line":119,"column":4}}},"4":{"name":"_baseURI","line":132,"loc":{"start":{"line":132,"column":4},"end":{"line":134,"column":4}}},"5":{"name":"_burn","line":138,"loc":{"start":{"line":138,"column":4},"end":{"line":140,"column":4}}},"6":{"name":"tokenURI","line":142,"loc":{"start":{"line":142,"column":4},"end":{"line":144,"column":4}}}},"statementMap":{"1":{"start":{"line":102,"column":8},"end":{"line":102,"column":55}},"2":{"start":{"line":104,"column":8},"end":{"line":104,"column":34}},"3":{"start":{"line":118,"column":8},"end":{"line":118,"column":23}},"4":{"start":{"line":133,"column":8},"end":{"line":133,"column":22}},"5":{"start":{"line":139,"column":8},"end":{"line":139,"column":27}},"6":{"start":{"line":143,"column":8},"end":{"line":143,"column":38}}},"branchMap":{}},"contracts/FWBProtocolRegistry.sol":{"l":{"41":0,"44":0,"47":0,"50":0,"52":0,"54":0,"62":0,"63":0,"67":0,"68":0,"74":0},"path":"/Users/bretthenderson/Developer/FWB/NFT/PRODUCTION/fwb-memberprofile/contracts/FWBProtocolRegistry.sol","s":{"1":0,"2":0,"3":0,"4":0,"5":0,"6":0,"7":0,"8":0,"9":0,"10":0,"11":0},"b":{"1":[0,0],"2":[0,0],"3":[0,0]},"f":{"1":0,"2":0},"fnMap":{"1":{"name":"registerContract","line":39,"loc":{"start":{"line":39,"column":4},"end":{"line":69,"column":4}}},"2":{"name":"getContractAddress","line":73,"loc":{"start":{"line":73,"column":4},"end":{"line":75,"column":4}}}},"statementMap":{"1":{"start":{"line":41,"column":8},"end":{"line":41,"column":45}},"2":{"start":{"line":44,"column":8},"end":{"line":44,"column":53}},"3":{"start":{"line":47,"column":8},"end":{"line":47,"column":61}},"4":{"start":{"line":50,"column":8},"end":{"line":50,"column":2021}},"5":{"start":{"line":52,"column":12},"end":{"line":52,"column":43}},"6":{"start":{"line":54,"column":12},"end":{"line":54,"column":2128}},"7":{"start":{"line":62,"column":12},"end":{"line":62,"column":29}},"8":{"start":{"line":63,"column":12},"end":{"line":63,"column":38}},"9":{"start":{"line":67,"column":8},"end":{"line":67,"column":28}},"10":{"start":{"line":68,"column":8},"end":{"line":68,"column":19}},"11":{"start":{"line":74,"column":8},"end":{"line":74,"column":45}}},"branchMap":{"1":{"line":41,"type":"if","locations":[{"start":{"line":41,"column":8},"end":{"line":41,"column":8}},{"start":{"line":41,"column":8},"end":{"line":41,"column":8}}]},"2":{"line":47,"type":"if","locations":[{"start":{"line":47,"column":8},"end":{"line":47,"column":8}},{"start":{"line":47,"column":8},"end":{"line":47,"column":8}}]},"3":{"line":50,"type":"if","locations":[{"start":{"line":50,"column":8},"end":{"line":50,"column":8}},{"start":{"line":50,"column":8},"end":{"line":50,"column":8}}]}}},"contracts/MembershipManager.sol":{"l":{},"path":"/Users/bretthenderson/Developer/FWB/NFT/PRODUCTION/fwb-memberprofile/contracts/MembershipManager.sol","s":{},"b":{},"f":{},"fnMap":{},"statementMap":{},"branchMap":{}},"contracts/SeasonPass.sol":{"l":{"78":1,"81":1,"88":1,"91":1,"93":1,"99":0,"106":0,"107":0,"121":0,"126":2,"131":0,"136":0,"141":0},"path":"/Users/bretthenderson/Developer/FWB/NFT/PRODUCTION/fwb-memberprofile/contracts/SeasonPass.sol","s":{"1":1,"2":1,"3":1,"4":1,"5":1,"6":0,"7":0,"8":0,"9":0,"10":2,"11":0,"12":0,"13":0},"b":{},"f":{"1":14,"2":1,"3":0,"4":0,"5":0,"6":2,"7":0,"8":0,"9":0},"fnMap":{"1":{"name":"constructor","line":66,"loc":{"start":{"line":66,"column":4},"end":{"line":67,"column":4}}},"2":{"name":"safeMint","line":76,"loc":{"start":{"line":76,"column":4},"end":{"line":96,"column":4}}},"3":{"name":"setController","line":98,"loc":{"start":{"line":98,"column":4},"end":{"line":100,"column":4}}},"4":{"name":"setTokenMetadata","line":105,"loc":{"start":{"line":105,"column":4},"end":{"line":108,"column":4}}},"5":{"name":"_baseURI","line":120,"loc":{"start":{"line":120,"column":4},"end":{"line":122,"column":4}}},"6":{"name":"_beforeTokenTransfer","line":125,"loc":{"start":{"line":125,"column":4},"end":{"line":127,"column":4}}},"7":{"name":"_burn","line":130,"loc":{"start":{"line":130,"column":4},"end":{"line":132,"column":4}}},"8":{"name":"tokenURI","line":135,"loc":{"start":{"line":135,"column":4},"end":{"line":137,"column":4}}},"9":{"name":"supportsInterface","line":140,"loc":{"start":{"line":140,"column":4},"end":{"line":142,"column":4}}}},"statementMap":{"1":{"start":{"line":78,"column":8},"end":{"line":78,"column":58}},"2":{"start":{"line":81,"column":8},"end":{"line":81,"column":47}},"3":{"start":{"line":88,"column":8},"end":{"line":88,"column":60}},"4":{"start":{"line":91,"column":8},"end":{"line":91,"column":34}},"5":{"start":{"line":93,"column":8},"end":{"line":93,"column":29}},"6":{"start":{"line":99,"column":8},"end":{"line":99,"column":43}},"7":{"start":{"line":106,"column":8},"end":{"line":106,"column":41}},"8":{"start":{"line":107,"column":8},"end":{"line":107,"column":57}},"9":{"start":{"line":121,"column":8},"end":{"line":121,"column":24}},"10":{"start":{"line":126,"column":8},"end":{"line":126,"column":52}},"11":{"start":{"line":131,"column":8},"end":{"line":131,"column":27}},"12":{"start":{"line":136,"column":8},"end":{"line":136,"column":38}},"13":{"start":{"line":141,"column":8},"end":{"line":141,"column":51}}},"branchMap":{}},"contracts/SeasonPassController.sol":{"l":{"88":14,"91":14,"92":14,"107":0,"110":0,"113":0,"126":0,"129":0,"132":0,"144":0,"147":0,"149":0,"166":0,"172":0,"173":0,"176":0,"179":0,"180":0,"196":0,"199":0,"201":0,"203":0,"206":0,"207":0,"216":0,"219":0,"220":0,"223":0,"224":0},"path":"/Users/bretthenderson/Developer/FWB/NFT/PRODUCTION/fwb-memberprofile/contracts/SeasonPassController.sol","s":{"1":14,"2":14,"3":14,"4":0,"5":0,"6":0,"7":0,"8":0,"9":0,"10":0,"11":0,"12":0,"13":0,"14":0,"15":0,"16":0,"17":0,"18":0,"19":0,"20":0,"21":0,"22":0,"23":0,"24":0,"25":0,"26":0,"27":0,"28":0,"29":0},"b":{"1":[0,0],"2":[0,0],"3":[0,0],"4":[0,0],"5":[0,0],"6":[0,0]},"f":{"1":14,"2":0,"3":0,"4":0,"5":0,"6":0,"7":0},"fnMap":{"1":{"name":"constructor","line":86,"loc":{"start":{"line":86,"column":4},"end":{"line":94,"column":4}}},"2":{"name":"setTokenAddress","line":105,"loc":{"start":{"line":105,"column":4},"end":{"line":114,"column":4}}},"3":{"name":"setTokenGate","line":124,"loc":{"start":{"line":124,"column":4},"end":{"line":133,"column":4}}},"4":{"name":"setSeasonPass","line":142,"loc":{"start":{"line":142,"column":4},"end":{"line":150,"column":4}}},"5":{"name":"claim","line":163,"loc":{"start":{"line":163,"column":4},"end":{"line":183,"column":4}}},"6":{"name":"revoke","line":194,"loc":{"start":{"line":194,"column":4},"end":{"line":209,"column":4}}},"7":{"name":"hasValidSeasonPass","line":214,"loc":{"start":{"line":214,"column":4},"end":{"line":228,"column":4}}}},"statementMap":{"1":{"start":{"line":88,"column":8},"end":{"line":88,"column":36}},"2":{"start":{"line":91,"column":8},"end":{"line":91,"column":35}},"3":{"start":{"line":92,"column":8},"end":{"line":92,"column":29}},"4":{"start":{"line":107,"column":8},"end":{"line":107,"column":96}},"5":{"start":{"line":110,"column":8},"end":{"line":110,"column":35}},"6":{"start":{"line":113,"column":8},"end":{"line":113,"column":59}},"7":{"start":{"line":126,"column":8},"end":{"line":126,"column":96}},"8":{"start":{"line":129,"column":8},"end":{"line":129,"column":29}},"9":{"start":{"line":132,"column":8},"end":{"line":132,"column":53}},"10":{"start":{"line":144,"column":8},"end":{"line":144,"column":91}},"11":{"start":{"line":147,"column":8},"end":{"line":147,"column":45}},"12":{"start":{"line":149,"column":8},"end":{"line":149,"column":69}},"13":{"start":{"line":166,"column":8},"end":{"line":166,"column":6512}},"14":{"start":{"line":172,"column":8},"end":{"line":172,"column":73}},"15":{"start":{"line":173,"column":8},"end":{"line":173,"column":61}},"16":{"start":{"line":176,"column":8},"end":{"line":176,"column":77}},"17":{"start":{"line":179,"column":8},"end":{"line":179,"column":59}},"18":{"start":{"line":180,"column":8},"end":{"line":180,"column":49}},"19":{"start":{"line":196,"column":8},"end":{"line":196,"column":92}},"20":{"start":{"line":199,"column":8},"end":{"line":199,"column":46}},"21":{"start":{"line":201,"column":8},"end":{"line":201,"column":76}},"22":{"start":{"line":203,"column":8},"end":{"line":203,"column":75}},"23":{"start":{"line":206,"column":8},"end":{"line":206,"column":74}},"24":{"start":{"line":207,"column":8},"end":{"line":207,"column":44}},"25":{"start":{"line":216,"column":8},"end":{"line":216,"column":8340}},"26":{"start":{"line":219,"column":12},"end":{"line":219,"column":68}},"27":{"start":{"line":220,"column":12},"end":{"line":220,"column":23}},"28":{"start":{"line":223,"column":12},"end":{"line":223,"column":66}},"29":{"start":{"line":224,"column":12},"end":{"line":224,"column":24}}},"branchMap":{"1":{"line":107,"type":"if","locations":[{"start":{"line":107,"column":8},"end":{"line":107,"column":8}},{"start":{"line":107,"column":8},"end":{"line":107,"column":8}}]},"2":{"line":126,"type":"if","locations":[{"start":{"line":126,"column":8},"end":{"line":126,"column":8}},{"start":{"line":126,"column":8},"end":{"line":126,"column":8}}]},"3":{"line":144,"type":"if","locations":[{"start":{"line":144,"column":8},"end":{"line":144,"column":8}},{"start":{"line":144,"column":8},"end":{"line":144,"column":8}}]},"4":{"line":166,"type":"if","locations":[{"start":{"line":166,"column":8},"end":{"line":166,"column":8}},{"start":{"line":166,"column":8},"end":{"line":166,"column":8}}]},"5":{"line":196,"type":"if","locations":[{"start":{"line":196,"column":8},"end":{"line":196,"column":8}},{"start":{"line":196,"column":8},"end":{"line":196,"column":8}}]},"6":{"line":216,"type":"if","locations":[{"start":{"line":216,"column":8},"end":{"line":216,"column":8}},{"start":{"line":216,"column":8},"end":{"line":216,"column":8}}]}}},"contracts/TestToken.sol":{"l":{"34":13,"38":1},"path":"/Users/bretthenderson/Developer/FWB/NFT/PRODUCTION/fwb-memberprofile/contracts/TestToken.sol","s":{"1":13,"2":1},"b":{},"f":{"1":13,"2":1},"fnMap":{"1":{"name":"constructor","line":33,"loc":{"start":{"line":33,"column":4},"end":{"line":35,"column":4}}},"2":{"name":"mint","line":37,"loc":{"start":{"line":37,"column":4},"end":{"line":39,"column":4}}}},"statementMap":{"1":{"start":{"line":34,"column":8},"end":{"line":34,"column":51}},"2":{"start":{"line":38,"column":8},"end":{"line":38,"column":31}}},"branchMap":{}},"contracts/utils/base64.sol":{"l":{"13":0,"16":0,"19":0,"22":0,"24":0,"63":0},"path":"/Users/bretthenderson/Developer/FWB/NFT/PRODUCTION/fwb-memberprofile/contracts/utils/base64.sol","s":{"1":0,"2":0,"3":0,"4":0,"5":0,"6":0},"b":{"1":[0,0]},"f":{"1":0},"fnMap":{"1":{"name":"encode","line":12,"loc":{"start":{"line":12,"column":4},"end":{"line":64,"column":4}}}},"statementMap":{"1":{"start":{"line":13,"column":8},"end":{"line":13,"column":39}},"2":{"start":{"line":13,"column":30},"end":{"line":13,"column":39}},"3":{"start":{"line":16,"column":8},"end":{"line":16,"column":35}},"4":{"start":{"line":19,"column":8},"end":{"line":19,"column":56}},"5":{"start":{"line":22,"column":8},"end":{"line":22,"column":58}},"6":{"start":{"line":63,"column":8},"end":{"line":63,"column":21}}},"branchMap":{"1":{"line":13,"type":"if","locations":[{"start":{"line":13,"column":8},"end":{"line":13,"column":8}},{"start":{"line":13,"column":8},"end":{"line":13,"column":8}}]}}}}