TN:
SF:/Users/bretthenderson/Developer/FWB/NFT/PRODUCTION/fwb-memberprofile/contracts/FWBMemberProfile.sol
FN:88,constructor
FN:100,mint
FN:117,setBaseURI
FN:132,_baseURI
FN:138,_burn
FN:142,tokenURI
FNF:6
FNH:2
FNDA:14,constructor
FNDA:2,mint
FNDA:0,setBaseURI
FNDA:0,_baseURI
FNDA:0,_burn
FNDA:0,tokenURI
DA:102,2
DA:104,2
DA:118,0
DA:133,0
DA:139,0
DA:143,0
LF:6
LH:2
BRF:0
BRH:0
end_of_record
TN:
SF:/Users/bretthenderson/Developer/FWB/NFT/PRODUCTION/fwb-memberprofile/contracts/FWBProtocolRegistry.sol
FN:39,registerContract
FN:73,getContractAddress
FNF:2
FNH:0
FNDA:0,registerContract
FNDA:0,getContractAddress
DA:41,0
DA:44,0
DA:47,0
DA:50,0
DA:52,0
DA:54,0
DA:62,0
DA:63,0
DA:67,0
DA:68,0
DA:74,0
LF:11
LH:0
BRDA:41,1,0,0
BRDA:41,1,1,0
BRDA:47,2,0,0
BRDA:47,2,1,0
BRDA:50,3,0,0
BRDA:50,3,1,0
BRF:6
BRH:0
end_of_record
TN:
SF:/Users/bretthenderson/Developer/FWB/NFT/PRODUCTION/fwb-memberprofile/contracts/MembershipManager.sol
FNF:0
FNH:0
LF:0
LH:0
BRF:0
BRH:0
end_of_record
TN:
SF:/Users/bretthenderson/Developer/FWB/NFT/PRODUCTION/fwb-memberprofile/contracts/SeasonPass.sol
FN:66,constructor
FN:76,safeMint
FN:98,setController
FN:105,setTokenMetadata
FN:120,_baseURI
FN:125,_beforeTokenTransfer
FN:130,_burn
FN:135,tokenURI
FN:140,supportsInterface
FNF:9
FNH:3
FNDA:14,constructor
FNDA:1,safeMint
FNDA:0,setController
FNDA:0,setTokenMetadata
FNDA:0,_baseURI
FNDA:2,_beforeTokenTransfer
FNDA:0,_burn
FNDA:0,tokenURI
FNDA:0,supportsInterface
DA:78,1
DA:81,1
DA:88,1
DA:91,1
DA:93,1
DA:99,0
DA:106,0
DA:107,0
DA:121,0
DA:126,2
DA:131,0
DA:136,0
DA:141,0
LF:13
LH:6
BRF:0
BRH:0
end_of_record
TN:
SF:/Users/bretthenderson/Developer/FWB/NFT/PRODUCTION/fwb-memberprofile/contracts/SeasonPassController.sol
FN:86,constructor
FN:105,setTokenAddress
FN:124,setTokenGate
FN:142,setSeasonPass
FN:163,claim
FN:194,revoke
FN:214,hasValidSeasonPass
FNF:7
FNH:1
FNDA:14,constructor
FNDA:0,setTokenAddress
FNDA:0,setTokenGate
FNDA:0,setSeasonPass
FNDA:0,claim
FNDA:0,revoke
FNDA:0,hasValidSeasonPass
DA:88,14
DA:91,14
DA:92,14
DA:107,0
DA:110,0
DA:113,0
DA:126,0
DA:129,0
DA:132,0
DA:144,0
DA:147,0
DA:149,0
DA:166,0
DA:172,0
DA:173,0
DA:176,0
DA:179,0
DA:180,0
DA:196,0
DA:199,0
DA:201,0
DA:203,0
DA:206,0
DA:207,0
DA:216,0
DA:219,0
DA:220,0
DA:223,0
DA:224,0
LF:29
LH:3
BRDA:107,1,0,0
BRDA:107,1,1,0
BRDA:126,2,0,0
BRDA:126,2,1,0
BRDA:144,3,0,0
BRDA:144,3,1,0
BRDA:166,4,0,0
BRDA:166,4,1,0
BRDA:196,5,0,0
BRDA:196,5,1,0
BRDA:216,6,0,0
BRDA:216,6,1,0
BRF:12
BRH:0
end_of_record
TN:
SF:/Users/bretthenderson/Developer/FWB/NFT/PRODUCTION/fwb-memberprofile/contracts/TestToken.sol
FN:33,constructor
FN:37,mint
FNF:2
FNH:2
FNDA:13,constructor
FNDA:1,mint
DA:34,13
DA:38,1
LF:2
LH:2
BRF:0
BRH:0
end_of_record
TN:
SF:/Users/bretthenderson/Developer/FWB/NFT/PRODUCTION/fwb-memberprofile/contracts/utils/base64.sol
FN:12,encode
FNF:1
FNH:0
FNDA:0,encode
DA:13,0
DA:16,0
DA:19,0
DA:22,0
DA:24,0
DA:63,0
LF:6
LH:0
BRDA:13,1,0,0
BRDA:13,1,1,0
BRF:2
BRH:0
end_of_record
